2026-01-31 20:40:10,443 [INFO] Using device: cuda
2026-01-31 20:40:11,728 [INFO] No resume checkpoint loaded. resume_from=none
2026-01-31 20:40:14,272 [INFO] Epoch 0000 | Loss 33.822472 | ElimTop1Acc 0.4061 | ElimInBottom2Acc 0.5747 | MeanMargin -0.3409
2026-01-31 20:40:16,237 [INFO] Epoch 0001 | Loss 31.050563 | ElimTop1Acc 0.4291 | ElimInBottom2Acc 0.6284 | MeanMargin -0.3155
2026-01-31 20:40:18,182 [INFO] Epoch 0002 | Loss 29.708866 | ElimTop1Acc 0.4751 | ElimInBottom2Acc 0.6679 | MeanMargin -0.2960
2026-01-31 20:40:20,123 [INFO] Epoch 0003 | Loss 28.538327 | ElimTop1Acc 0.5019 | ElimInBottom2Acc 0.7139 | MeanMargin -0.2784
2026-01-31 20:40:22,058 [INFO] Epoch 0004 | Loss 27.443839 | ElimTop1Acc 0.5134 | ElimInBottom2Acc 0.7235 | MeanMargin -0.2618
2026-01-31 20:40:24,023 [INFO] Epoch 0005 | Loss 26.415244 | ElimTop1Acc 0.5134 | ElimInBottom2Acc 0.7446 | MeanMargin -0.2455
2026-01-31 20:40:25,983 [INFO] Epoch 0006 | Loss 25.452681 | ElimTop1Acc 0.5517 | ElimInBottom2Acc 0.7580 | MeanMargin -0.2295
2026-01-31 20:40:27,937 [INFO] Epoch 0007 | Loss 24.576754 | ElimTop1Acc 0.5747 | ElimInBottom2Acc 0.7695 | MeanMargin -0.2147
2026-01-31 20:40:29,907 [INFO] Epoch 0008 | Loss 23.748782 | ElimTop1Acc 0.5939 | ElimInBottom2Acc 0.7695 | MeanMargin -0.2030
2026-01-31 20:40:31,881 [INFO] Epoch 0009 | Loss 22.984309 | ElimTop1Acc 0.5977 | ElimInBottom2Acc 0.7733 | MeanMargin -0.1917
2026-01-31 20:40:33,706 [INFO] Epoch 0010 | Loss 22.263614 | ElimTop1Acc 0.6130 | ElimInBottom2Acc 0.7733 | MeanMargin -0.1816
2026-01-31 20:40:35,351 [INFO] Epoch 0011 | Loss 21.578328 | ElimTop1Acc 0.6130 | ElimInBottom2Acc 0.7886 | MeanMargin -0.1707
2026-01-31 20:40:37,103 [INFO] Epoch 0012 | Loss 20.913900 | ElimTop1Acc 0.6284 | ElimInBottom2Acc 0.7886 | MeanMargin -0.1620
2026-01-31 20:40:38,862 [INFO] Epoch 0013 | Loss 20.319270 | ElimTop1Acc 0.6360 | ElimInBottom2Acc 0.7905 | MeanMargin -0.1532
2026-01-31 20:40:40,836 [INFO] Epoch 0014 | Loss 19.781831 | ElimTop1Acc 0.6437 | ElimInBottom2Acc 0.8020 | MeanMargin -0.1434
2026-01-31 20:40:42,804 [INFO] Epoch 0015 | Loss 19.226212 | ElimTop1Acc 0.6667 | ElimInBottom2Acc 0.8078 | MeanMargin -0.1360
2026-01-31 20:40:44,779 [INFO] Epoch 0016 | Loss 18.714014 | ElimTop1Acc 0.6513 | ElimInBottom2Acc 0.8135 | MeanMargin -0.1285
2026-01-31 20:40:46,753 [INFO] Epoch 0017 | Loss 18.205936 | ElimTop1Acc 0.6705 | ElimInBottom2Acc 0.8174 | MeanMargin -0.1213
2026-01-31 20:40:48,706 [INFO] Epoch 0018 | Loss 17.738170 | ElimTop1Acc 0.6820 | ElimInBottom2Acc 0.8212 | MeanMargin -0.1144
2026-01-31 20:40:50,666 [INFO] Epoch 0019 | Loss 17.290902 | ElimTop1Acc 0.6820 | ElimInBottom2Acc 0.8250 | MeanMargin -0.1079
2026-01-31 20:40:52,604 [INFO] Epoch 0020 | Loss 16.860609 | ElimTop1Acc 0.6973 | ElimInBottom2Acc 0.8384 | MeanMargin -0.1006
2026-01-31 20:40:54,535 [INFO] Epoch 0021 | Loss 16.455335 | ElimTop1Acc 0.6858 | ElimInBottom2Acc 0.8365 | MeanMargin -0.0947
2026-01-31 20:40:56,469 [INFO] Epoch 0022 | Loss 16.061395 | ElimTop1Acc 0.7050 | ElimInBottom2Acc 0.8442 | MeanMargin -0.0900
2026-01-31 20:40:58,399 [INFO] Epoch 0023 | Loss 15.744944 | ElimTop1Acc 0.6973 | ElimInBottom2Acc 0.8404 | MeanMargin -0.0855
2026-01-31 20:41:00,324 [INFO] Epoch 0024 | Loss 15.368137 | ElimTop1Acc 0.7126 | ElimInBottom2Acc 0.8480 | MeanMargin -0.0808
2026-01-31 20:41:02,257 [INFO] Epoch 0025 | Loss 15.051745 | ElimTop1Acc 0.7126 | ElimInBottom2Acc 0.8519 | MeanMargin -0.0777
2026-01-31 20:41:04,190 [INFO] Epoch 0026 | Loss 14.734539 | ElimTop1Acc 0.7318 | ElimInBottom2Acc 0.8557 | MeanMargin -0.0738
2026-01-31 20:41:06,108 [INFO] Epoch 0027 | Loss 14.457925 | ElimTop1Acc 0.7165 | ElimInBottom2Acc 0.8576 | MeanMargin -0.0710
2026-01-31 20:41:08,080 [INFO] Epoch 0028 | Loss 14.195552 | ElimTop1Acc 0.7241 | ElimInBottom2Acc 0.8672 | MeanMargin -0.0675
2026-01-31 20:41:10,032 [INFO] Epoch 0029 | Loss 13.956816 | ElimTop1Acc 0.7356 | ElimInBottom2Acc 0.8633 | MeanMargin -0.0627
2026-01-31 20:41:12,014 [INFO] Epoch 0030 | Loss 13.708595 | ElimTop1Acc 0.7280 | ElimInBottom2Acc 0.8653 | MeanMargin -0.0600
2026-01-31 20:41:13,645 [INFO] Epoch 0031 | Loss 13.492812 | ElimTop1Acc 0.7203 | ElimInBottom2Acc 0.8787 | MeanMargin -0.0563
2026-01-31 20:41:15,602 [INFO] Epoch 0032 | Loss 13.274904 | ElimTop1Acc 0.7395 | ElimInBottom2Acc 0.8825 | MeanMargin -0.0536
2026-01-31 20:41:17,579 [INFO] Epoch 0033 | Loss 13.067589 | ElimTop1Acc 0.7471 | ElimInBottom2Acc 0.8902 | MeanMargin -0.0514
2026-01-31 20:41:19,544 [INFO] Epoch 0034 | Loss 12.884082 | ElimTop1Acc 0.7586 | ElimInBottom2Acc 0.8844 | MeanMargin -0.0481
2026-01-31 20:41:20,990 [INFO] Epoch 0035 | Loss 12.690410 | ElimTop1Acc 0.7471 | ElimInBottom2Acc 0.8959 | MeanMargin -0.0461
2026-01-31 20:41:22,535 [INFO] Epoch 0036 | Loss 12.503129 | ElimTop1Acc 0.7739 | ElimInBottom2Acc 0.8902 | MeanMargin -0.0429
2026-01-31 20:41:24,485 [INFO] Epoch 0037 | Loss 12.305594 | ElimTop1Acc 0.7854 | ElimInBottom2Acc 0.8940 | MeanMargin -0.0401
2026-01-31 20:41:26,438 [INFO] Epoch 0038 | Loss 12.130427 | ElimTop1Acc 0.7893 | ElimInBottom2Acc 0.8997 | MeanMargin -0.0377
2026-01-31 20:41:28,391 [INFO] Epoch 0039 | Loss 11.958894 | ElimTop1Acc 0.7931 | ElimInBottom2Acc 0.9017 | MeanMargin -0.0351
2026-01-31 20:41:30,339 [INFO] Epoch 0040 | Loss 11.796474 | ElimTop1Acc 0.7969 | ElimInBottom2Acc 0.8978 | MeanMargin -0.0332
2026-01-31 20:41:32,300 [INFO] Epoch 0041 | Loss 11.641929 | ElimTop1Acc 0.8123 | ElimInBottom2Acc 0.9036 | MeanMargin -0.0313
2026-01-31 20:41:33,993 [INFO] Epoch 0042 | Loss 11.501955 | ElimTop1Acc 0.8084 | ElimInBottom2Acc 0.9017 | MeanMargin -0.0308
2026-01-31 20:41:35,917 [INFO] Epoch 0043 | Loss 11.343587 | ElimTop1Acc 0.8199 | ElimInBottom2Acc 0.9189 | MeanMargin -0.0269
2026-01-31 20:41:37,639 [INFO] Epoch 0044 | Loss 11.208787 | ElimTop1Acc 0.8084 | ElimInBottom2Acc 0.9093 | MeanMargin -0.0256
2026-01-31 20:41:39,584 [INFO] Epoch 0045 | Loss 11.081183 | ElimTop1Acc 0.8123 | ElimInBottom2Acc 0.9151 | MeanMargin -0.0232
2026-01-31 20:41:41,547 [INFO] Epoch 0046 | Loss 10.976423 | ElimTop1Acc 0.8161 | ElimInBottom2Acc 0.9151 | MeanMargin -0.0226
2026-01-31 20:41:43,512 [INFO] Epoch 0047 | Loss 10.821795 | ElimTop1Acc 0.8123 | ElimInBottom2Acc 0.9112 | MeanMargin -0.0207
2026-01-31 20:41:45,478 [INFO] Epoch 0048 | Loss 10.700095 | ElimTop1Acc 0.8238 | ElimInBottom2Acc 0.9189 | MeanMargin -0.0185
2026-01-31 20:41:47,440 [INFO] Epoch 0049 | Loss 10.624174 | ElimTop1Acc 0.8161 | ElimInBottom2Acc 0.9093 | MeanMargin -0.0183
2026-01-31 20:41:49,214 [INFO] Epoch 0050 | Loss 10.490916 | ElimTop1Acc 0.8123 | ElimInBottom2Acc 0.9189 | MeanMargin -0.0161
2026-01-31 20:41:51,026 [INFO] Epoch 0051 | Loss 10.392732 | ElimTop1Acc 0.8276 | ElimInBottom2Acc 0.9132 | MeanMargin -0.0137
2026-01-31 20:41:52,941 [INFO] Epoch 0052 | Loss 10.271046 | ElimTop1Acc 0.8429 | ElimInBottom2Acc 0.9170 | MeanMargin -0.0122
2026-01-31 20:41:54,862 [INFO] Epoch 0053 | Loss 10.162447 | ElimTop1Acc 0.8429 | ElimInBottom2Acc 0.9170 | MeanMargin -0.0111
2026-01-31 20:41:56,770 [INFO] Epoch 0054 | Loss 10.087166 | ElimTop1Acc 0.8429 | ElimInBottom2Acc 0.9132 | MeanMargin -0.0098
2026-01-31 20:41:58,688 [INFO] Epoch 0055 | Loss 9.976941 | ElimTop1Acc 0.8544 | ElimInBottom2Acc 0.9208 | MeanMargin -0.0074
2026-01-31 20:42:00,631 [INFO] Epoch 0056 | Loss 9.845444 | ElimTop1Acc 0.8467 | ElimInBottom2Acc 0.9189 | MeanMargin -0.0069
2026-01-31 20:42:02,556 [INFO] Epoch 0057 | Loss 9.746681 | ElimTop1Acc 0.8467 | ElimInBottom2Acc 0.9208 | MeanMargin -0.0049
2026-01-31 20:42:04,530 [INFO] Epoch 0058 | Loss 9.669130 | ElimTop1Acc 0.8467 | ElimInBottom2Acc 0.9227 | MeanMargin -0.0042
2026-01-31 20:42:06,583 [INFO] Epoch 0059 | Loss 9.571922 | ElimTop1Acc 0.8467 | ElimInBottom2Acc 0.9208 | MeanMargin -0.0024
2026-01-31 20:42:08,615 [INFO] Epoch 0060 | Loss 9.487414 | ElimTop1Acc 0.8659 | ElimInBottom2Acc 0.9246 | MeanMargin 0.0005
2026-01-31 20:42:10,582 [INFO] Epoch 0061 | Loss 9.402768 | ElimTop1Acc 0.8582 | ElimInBottom2Acc 0.9208 | MeanMargin 0.0015
2026-01-31 20:42:12,519 [INFO] Epoch 0062 | Loss 9.335504 | ElimTop1Acc 0.8544 | ElimInBottom2Acc 0.9285 | MeanMargin 0.0035
2026-01-31 20:42:14,453 [INFO] Epoch 0063 | Loss 9.228672 | ElimTop1Acc 0.8621 | ElimInBottom2Acc 0.9304 | MeanMargin 0.0064
2026-01-31 20:42:16,391 [INFO] Epoch 0064 | Loss 9.145095 | ElimTop1Acc 0.8697 | ElimInBottom2Acc 0.9285 | MeanMargin 0.0077
2026-01-31 20:42:18,318 [INFO] Epoch 0065 | Loss 9.073812 | ElimTop1Acc 0.8621 | ElimInBottom2Acc 0.9285 | MeanMargin 0.0093
2026-01-31 20:42:20,267 [INFO] Epoch 0066 | Loss 8.989448 | ElimTop1Acc 0.8544 | ElimInBottom2Acc 0.9323 | MeanMargin 0.0108
2026-01-31 20:42:22,176 [INFO] Epoch 0067 | Loss 8.888503 | ElimTop1Acc 0.8621 | ElimInBottom2Acc 0.9304 | MeanMargin 0.0118
2026-01-31 20:42:24,157 [INFO] Epoch 0068 | Loss 8.843125 | ElimTop1Acc 0.8659 | ElimInBottom2Acc 0.9304 | MeanMargin 0.0132
2026-01-31 20:42:26,100 [INFO] Epoch 0069 | Loss 8.758016 | ElimTop1Acc 0.8621 | ElimInBottom2Acc 0.9285 | MeanMargin 0.0144
2026-01-31 20:42:27,994 [INFO] Epoch 0070 | Loss 8.645776 | ElimTop1Acc 0.8582 | ElimInBottom2Acc 0.9323 | MeanMargin 0.0150
2026-01-31 20:42:29,962 [INFO] Epoch 0071 | Loss 8.577271 | ElimTop1Acc 0.8659 | ElimInBottom2Acc 0.9361 | MeanMargin 0.0161
2026-01-31 20:42:31,909 [INFO] Epoch 0072 | Loss 8.521011 | ElimTop1Acc 0.8621 | ElimInBottom2Acc 0.9361 | MeanMargin 0.0164
2026-01-31 20:42:33,871 [INFO] Epoch 0073 | Loss 8.492708 | ElimTop1Acc 0.8621 | ElimInBottom2Acc 0.9361 | MeanMargin 0.0170
2026-01-31 20:42:35,834 [INFO] Epoch 0074 | Loss 8.467067 | ElimTop1Acc 0.8621 | ElimInBottom2Acc 0.9400 | MeanMargin 0.0181
2026-01-31 20:42:37,795 [INFO] Epoch 0075 | Loss 8.423200 | ElimTop1Acc 0.8621 | ElimInBottom2Acc 0.9400 | MeanMargin 0.0185
2026-01-31 20:42:39,742 [INFO] Epoch 0076 | Loss 8.385824 | ElimTop1Acc 0.8697 | ElimInBottom2Acc 0.9381 | MeanMargin 0.0193
2026-01-31 20:42:41,675 [INFO] Epoch 0077 | Loss 8.356329 | ElimTop1Acc 0.8659 | ElimInBottom2Acc 0.9361 | MeanMargin 0.0198
2026-01-31 20:42:43,633 [INFO] Epoch 0078 | Loss 8.328767 | ElimTop1Acc 0.8659 | ElimInBottom2Acc 0.9400 | MeanMargin 0.0202
2026-01-31 20:42:45,596 [INFO] Epoch 0079 | Loss 8.309681 | ElimTop1Acc 0.8697 | ElimInBottom2Acc 0.9361 | MeanMargin 0.0204
2026-01-31 20:42:47,559 [INFO] Epoch 0080 | Loss 8.289164 | ElimTop1Acc 0.8659 | ElimInBottom2Acc 0.9400 | MeanMargin 0.0207
2026-01-31 20:42:49,505 [INFO] Epoch 0081 | Loss 8.272449 | ElimTop1Acc 0.8736 | ElimInBottom2Acc 0.9361 | MeanMargin 0.0214
2026-01-31 20:42:51,432 [INFO] Epoch 0082 | Loss 8.252846 | ElimTop1Acc 0.8659 | ElimInBottom2Acc 0.9400 | MeanMargin 0.0215
2026-01-31 20:42:53,348 [INFO] Epoch 0083 | Loss 8.230151 | ElimTop1Acc 0.8697 | ElimInBottom2Acc 0.9400 | MeanMargin 0.0219
2026-01-31 20:42:55,283 [INFO] Epoch 0084 | Loss 8.218381 | ElimTop1Acc 0.8621 | ElimInBottom2Acc 0.9419 | MeanMargin 0.0219
2026-01-31 20:42:57,200 [INFO] Epoch 0085 | Loss 8.196924 | ElimTop1Acc 0.8736 | ElimInBottom2Acc 0.9400 | MeanMargin 0.0226
2026-01-31 20:42:59,118 [INFO] Epoch 0086 | Loss 8.174089 | ElimTop1Acc 0.8774 | ElimInBottom2Acc 0.9381 | MeanMargin 0.0228
2026-01-31 20:43:01,065 [INFO] Epoch 0087 | Loss 8.149720 | ElimTop1Acc 0.8851 | ElimInBottom2Acc 0.9400 | MeanMargin 0.0231
2026-01-31 20:43:02,992 [INFO] Epoch 0088 | Loss 8.137621 | ElimTop1Acc 0.8697 | ElimInBottom2Acc 0.9438 | MeanMargin 0.0233
2026-01-31 20:43:04,945 [INFO] Epoch 0089 | Loss 8.113068 | ElimTop1Acc 0.8774 | ElimInBottom2Acc 0.9438 | MeanMargin 0.0238
2026-01-31 20:43:06,895 [INFO] Epoch 0090 | Loss 8.094855 | ElimTop1Acc 0.8812 | ElimInBottom2Acc 0.9400 | MeanMargin 0.0241
2026-01-31 20:43:08,834 [INFO] Epoch 0091 | Loss 8.078617 | ElimTop1Acc 0.8812 | ElimInBottom2Acc 0.9438 | MeanMargin 0.0243
2026-01-31 20:43:10,769 [INFO] Epoch 0092 | Loss 8.061504 | ElimTop1Acc 0.8812 | ElimInBottom2Acc 0.9438 | MeanMargin 0.0248
2026-01-31 20:43:12,705 [INFO] Epoch 0093 | Loss 8.043134 | ElimTop1Acc 0.8851 | ElimInBottom2Acc 0.9400 | MeanMargin 0.0251
2026-01-31 20:43:14,642 [INFO] Epoch 0094 | Loss 8.022312 | ElimTop1Acc 0.8812 | ElimInBottom2Acc 0.9438 | MeanMargin 0.0256
2026-01-31 20:43:16,591 [INFO] Epoch 0095 | Loss 8.011514 | ElimTop1Acc 0.8889 | ElimInBottom2Acc 0.9438 | MeanMargin 0.0257
2026-01-31 20:43:18,551 [INFO] Epoch 0096 | Loss 8.001884 | ElimTop1Acc 0.8851 | ElimInBottom2Acc 0.9438 | MeanMargin 0.0259
2026-01-31 20:43:20,358 [INFO] Epoch 0097 | Loss 7.992620 | ElimTop1Acc 0.8812 | ElimInBottom2Acc 0.9438 | MeanMargin 0.0259
2026-01-31 20:43:22,195 [INFO] Epoch 0098 | Loss 7.984654 | ElimTop1Acc 0.8812 | ElimInBottom2Acc 0.9438 | MeanMargin 0.0263
2026-01-31 20:43:24,154 [INFO] Epoch 0099 | Loss 7.974313 | ElimTop1Acc 0.8812 | ElimInBottom2Acc 0.9438 | MeanMargin 0.0264
2026-01-31 20:43:26,100 [INFO] Epoch 0100 | Loss 7.966247 | ElimTop1Acc 0.8812 | ElimInBottom2Acc 0.9438 | MeanMargin 0.0265
2026-01-31 20:43:28,062 [INFO] Epoch 0101 | Loss 7.956725 | ElimTop1Acc 0.8851 | ElimInBottom2Acc 0.9438 | MeanMargin 0.0266
2026-01-31 20:43:30,018 [INFO] Epoch 0102 | Loss 7.947041 | ElimTop1Acc 0.8851 | ElimInBottom2Acc 0.9438 | MeanMargin 0.0268
2026-01-31 20:43:31,987 [INFO] Epoch 0103 | Loss 7.941796 | ElimTop1Acc 0.8889 | ElimInBottom2Acc 0.9438 | MeanMargin 0.0268
2026-01-31 20:43:33,947 [INFO] Epoch 0104 | Loss 7.935769 | ElimTop1Acc 0.8889 | ElimInBottom2Acc 0.9438 | MeanMargin 0.0270
2026-01-31 20:43:35,911 [INFO] Epoch 0105 | Loss 7.932148 | ElimTop1Acc 0.8889 | ElimInBottom2Acc 0.9438 | MeanMargin 0.0271
2026-01-31 20:43:37,871 [INFO] Epoch 0106 | Loss 7.926047 | ElimTop1Acc 0.8889 | ElimInBottom2Acc 0.9438 | MeanMargin 0.0271
2026-01-31 20:43:39,820 [INFO] Epoch 0107 | Loss 7.920481 | ElimTop1Acc 0.8889 | ElimInBottom2Acc 0.9438 | MeanMargin 0.0272
2026-01-31 20:43:41,759 [INFO] Epoch 0108 | Loss 7.916271 | ElimTop1Acc 0.8889 | ElimInBottom2Acc 0.9438 | MeanMargin 0.0273
2026-01-31 20:43:43,712 [INFO] Epoch 0109 | Loss 7.913376 | ElimTop1Acc 0.8889 | ElimInBottom2Acc 0.9438 | MeanMargin 0.0273
2026-01-31 20:43:45,605 [INFO] Epoch 0110 | Loss 7.910303 | ElimTop1Acc 0.8889 | ElimInBottom2Acc 0.9438 | MeanMargin 0.0274
2026-01-31 20:43:47,526 [INFO] Epoch 0111 | Loss 7.907498 | ElimTop1Acc 0.8889 | ElimInBottom2Acc 0.9438 | MeanMargin 0.0274
2026-01-31 20:43:49,449 [INFO] Epoch 0112 | Loss 7.905645 | ElimTop1Acc 0.8889 | ElimInBottom2Acc 0.9438 | MeanMargin 0.0275
2026-01-31 20:43:51,394 [INFO] Epoch 0113 | Loss 7.902346 | ElimTop1Acc 0.8889 | ElimInBottom2Acc 0.9438 | MeanMargin 0.0275
2026-01-31 20:43:53,317 [INFO] Epoch 0114 | Loss 7.899803 | ElimTop1Acc 0.8889 | ElimInBottom2Acc 0.9438 | MeanMargin 0.0276
2026-01-31 20:43:55,246 [INFO] Epoch 0115 | Loss 7.898400 | ElimTop1Acc 0.8889 | ElimInBottom2Acc 0.9438 | MeanMargin 0.0276
2026-01-31 20:43:55,250 [INFO] Early stopping triggered. patience=20
